<?xml version="1.0" encoding="UTF-8"?>
<testng-results ignored="0" total="1" passed="1" failed="0" skipped="0">
  <reporter-output>
  </reporter-output>
  <suite started-at="2020-05-04T14:14:57Z" name="Default suite" finished-at="2020-05-04T14:14:58Z" duration-ms="1842">
    <groups>
    </groups>
    <test started-at="2020-05-04T14:14:57Z" name="Default test" finished-at="2020-05-04T14:14:58Z" duration-ms="1842">
      <class name="mySeleniumProjectsRestAssured.RESTAssuredPOSTRequest">
        <test-method signature="RESTAssuredPOST()[pri:0, instance:mySeleniumProjectsRestAssured.RESTAssuredPOSTRequest@485966cc]" started-at="2020-05-04T14:14:57Z" name="RESTAssuredPOST" finished-at="2020-05-04T14:14:58Z" duration-ms="1782" status="PASS">
          <reporter-output>
          </reporter-output>
        </test-method> <!-- RESTAssuredPOST -->
      </class> <!-- mySeleniumProjectsRestAssured.RESTAssuredPOSTRequest -->
    </test> <!-- Default test -->
  </suite> <!-- Default suite -->
</testng-results>
